<?xml version="1.0" encoding="UTF-8"?>
<!-- Generated by org.testng.reporters.JUnitReportReporter -->
<testsuite hostname="LAPTOP-VCN1KGB9" failures="0" tests="1" name="tests.TestOne" time="0.010" errors="0" timestamp="2023-08-26T16:54:21 IST" skipped="0">
  <testcase classname="tests.TestOne" name="method" time="0.010">
    <system-out>
      <![CDATA[Hello Batchmates]]>
    </system-out>
  </testcase> <!-- method -->
  <system-out>
    <![CDATA[Hello Batchmates]]>
  </system-out>
</testsuite> <!-- tests.TestOne -->
